read 136 bytes.
PC = 00000000 addi r5 r0 $0
PC = 00000004 addi r6 r0 $100
PC = 00000008 addi r7 r0 $25
PC = 0000000C addi r8 r0 $75
PC = 00000010 addi r9 r0 $7
PC = 00000014 addi r10 r0 $-7
PC = 00000018 addi r11 r0 $30
PC = 0000001C addi r20 r0 $200
PC = 00000020 slt r12 r7 r8
PC = 00000024 add r7 r7 r9
PC = 00000028 add r8 r8 r10
PC = 0000002C slt r13 r7 r8
PC = 00000030 bne r12 r13 $64
PC = 00000034 blt r5 r7 $12
PC = 00000040 blt r5 r8 $12
PC = 0000004C blt r7 r6 $12
PC = 00000058 blt r8 r6 $12
PC = 00000064
r00:00000000 r01:00000000 r02:00000000 r03:00000000 r04:00000000 r05:00000000 r06:00000064 r07:00000020
r08:00000044 r09:00000007 r10:FFFFFFF9 r11:0000001E r12:00000001 r13:00000001 r14:00000000 r15:00000000
r16:00000000 r17:00000000 r18:00000000 r19:00000000 r20:000000C8 r21:00000000 r22:00000000 r23:00000000
r24:00000000 r25:00000000 r26:00000000 r27:00000000 r28:00000000 r29:00000000 r30:00000000 r31:00000000
press 's' to step-in, others to run. addi r11 r11 $-1
PC = 00000068 bne r11 r0 $-72
PC = 00000020 slt r12 r7 r8
PC = 00000024 add r7 r7 r9
PC = 00000028 add r8 r8 r10
PC = 0000002C slt r13 r7 r8
PC = 00000030 bne r12 r13 $64
PC = 00000034 blt r5 r7 $12
PC = 00000040 blt r5 r8 $12
PC = 0000004C blt r7 r6 $12
PC = 00000058 blt r8 r6 $12
PC = 00000064
r00:00000000 r01:00000000 r02:00000000 r03:00000000 r04:00000000 r05:00000000 r06:00000064 r07:00000027
r08:0000003D r09:00000007 r10:FFFFFFF9 r11:0000001D r12:00000001 r13:00000001 r14:00000000 r15:00000000
r16:00000000 r17:00000000 r18:00000000 r19:00000000 r20:000000C8 r21:00000000 r22:00000000 r23:00000000
r24:00000000 r25:00000000 r26:00000000 r27:00000000 r28:00000000 r29:00000000 r30:00000000 r31:00000000
press 's' to step-in, others to run. addi r11 r11 $-1
PC = 00000068 bne r11 r0 $-72
PC = 00000020 slt r12 r7 r8
PC = 00000024 add r7 r7 r9
PC = 00000028 add r8 r8 r10
PC = 0000002C slt r13 r7 r8
PC = 00000030 bne r12 r13 $64
PC = 00000034 blt r5 r7 $12
PC = 00000040 blt r5 r8 $12
PC = 0000004C blt r7 r6 $12
PC = 00000058 blt r8 r6 $12
PC = 00000064
r00:00000000 r01:00000000 r02:00000000 r03:00000000 r04:00000000 r05:00000000 r06:00000064 r07:0000002E
r08:00000036 r09:00000007 r10:FFFFFFF9 r11:0000001C r12:00000001 r13:00000001 r14:00000000 r15:00000000
r16:00000000 r17:00000000 r18:00000000 r19:00000000 r20:000000C8 r21:00000000 r22:00000000 r23:00000000
r24:00000000 r25:00000000 r26:00000000 r27:00000000 r28:00000000 r29:00000000 r30:00000000 r31:00000000
press 's' to step-in, others to run. addi r11 r11 $-1
PC = 00000068 bne r11 r0 $-72
PC = 00000020 slt r12 r7 r8
PC = 00000024 add r7 r7 r9
PC = 00000028 add r8 r8 r10
PC = 0000002C slt r13 r7 r8
PC = 00000030 bne r12 r13 $64
PC = 00000070 xor r7 r7 r8
PC = 00000074 xor r8 r7 r8
PC = 00000078 xor r7 r7 r8
PC = 0000007C add r9 r0 r9
PC = 00000080 add r10 r0 r10
PC = 00000084 beq r0 r0 $-80
PC = 00000034 blt r5 r7 $12
PC = 00000040 blt r5 r8 $12
PC = 0000004C blt r7 r6 $12
PC = 00000058 blt r8 r6 $12
PC = 00000064
r00:00000000 r01:00000000 r02:00000000 r03:00000000 r04:00000000 r05:00000000 r06:00000064 r07:0000002F
r08:00000035 r09:FFFFFFF9 r10:00000007 r11:0000001B r12:00000001 r13:00000000 r14:00000000 r15:00000000
r16:00000000 r17:00000000 r18:00000000 r19:00000000 r20:000000C8 r21:00000000 r22:00000000 r23:00000000
r24:00000000 r25:00000000 r26:00000000 r27:00000000 r28:00000000 r29:00000000 r30:00000000 r31:00000000
press 's' to step-in, others to run. addi r11 r11 $-1
PC = 00000068 bne r11 r0 $-72
PC = 00000020 slt r12 r7 r8
PC = 00000024 add r7 r7 r9
PC = 00000028 add r8 r8 r10
PC = 0000002C slt r13 r7 r8
PC = 00000030 bne r12 r13 $64
PC = 00000034 blt r5 r7 $12
PC = 00000040 blt r5 r8 $12
PC = 0000004C blt r7 r6 $12
PC = 00000058 blt r8 r6 $12
PC = 00000064
r00:00000000 r01:00000000 r02:00000000 r03:00000000 r04:00000000 r05:00000000 r06:00000064 r07:00000028
r08:0000003C r09:FFFFFFF9 r10:00000007 r11:0000001A r12:00000001 r13:00000001 r14:00000000 r15:00000000
r16:00000000 r17:00000000 r18:00000000 r19:00000000 r20:000000C8 r21:00000000 r22:00000000 r23:00000000
r24:00000000 r25:00000000 r26:00000000 r27:00000000 r28:00000000 r29:00000000 r30:00000000 r31:00000000
press 's' to step-in, others to run. addi r11 r11 $-1
PC = 00000068 bne r11 r0 $-72
PC = 00000020 slt r12 r7 r8
PC = 00000024 add r7 r7 r9
PC = 00000028 add r8 r8 r10
PC = 0000002C slt r13 r7 r8
PC = 00000030 bne r12 r13 $64
PC = 00000034 blt r5 r7 $12
PC = 00000040 blt r5 r8 $12
PC = 0000004C blt r7 r6 $12
PC = 00000058 blt r8 r6 $12
PC = 00000064
r00:00000000 r01:00000000 r02:00000000 r03:00000000 r04:00000000 r05:00000000 r06:00000064 r07:00000021
r08:00000043 r09:FFFFFFF9 r10:00000007 r11:00000019 r12:00000001 r13:00000001 r14:00000000 r15:00000000
r16:00000000 r17:00000000 r18:00000000 r19:00000000 r20:000000C8 r21:00000000 r22:00000000 r23:00000000
r24:00000000 r25:00000000 r26:00000000 r27:00000000 r28:00000000 r29:00000000 r30:00000000 r31:00000000
press 's' to step-in, others to run. addi r11 r11 $-1
PC = 00000068 bne r11 r0 $-72
PC = 00000020 slt r12 r7 r8
PC = 00000024 add r7 r7 r9
PC = 00000028 add r8 r8 r10
PC = 0000002C slt r13 r7 r8
PC = 00000030 bne r12 r13 $64
PC = 00000034 blt r5 r7 $12
PC = 00000040 blt r5 r8 $12
PC = 0000004C blt r7 r6 $12
PC = 00000058 blt r8 r6 $12
PC = 00000064
r00:00000000 r01:00000000 r02:00000000 r03:00000000 r04:00000000 r05:00000000 r06:00000064 r07:0000001A
r08:0000004A r09:FFFFFFF9 r10:00000007 r11:00000018 r12:00000001 r13:00000001 r14:00000000 r15:00000000
r16:00000000 r17:00000000 r18:00000000 r19:00000000 r20:000000C8 r21:00000000 r22:00000000 r23:00000000
r24:00000000 r25:00000000 r26:00000000 r27:00000000 r28:00000000 r29:00000000 r30:00000000 r31:00000000
press 's' to step-in, others to run. addi r11 r11 $-1
PC = 00000068 bne r11 r0 $-72
PC = 00000020 slt r12 r7 r8
PC = 00000024 add r7 r7 r9
PC = 00000028 add r8 r8 r10
PC = 0000002C slt r13 r7 r8
PC = 00000030 bne r12 r13 $64
PC = 00000034 blt r5 r7 $12
PC = 00000040 blt r5 r8 $12
PC = 0000004C blt r7 r6 $12
PC = 00000058 blt r8 r6 $12
PC = 00000064
r00:00000000 r01:00000000 r02:00000000 r03:00000000 r04:00000000 r05:00000000 r06:00000064 r07:00000013
r08:00000051 r09:FFFFFFF9 r10:00000007 r11:00000017 r12:00000001 r13:00000001 r14:00000000 r15:00000000
r16:00000000 r17:00000000 r18:00000000 r19:00000000 r20:000000C8 r21:00000000 r22:00000000 r23:00000000
r24:00000000 r25:00000000 r26:00000000 r27:00000000 r28:00000000 r29:00000000 r30:00000000 r31:00000000
press 's' to step-in, others to run. addi r11 r11 $-1
PC = 00000068 bne r11 r0 $-72
PC = 00000020 slt r12 r7 r8
PC = 00000024 add r7 r7 r9
PC = 00000028 add r8 r8 r10
PC = 0000002C slt r13 r7 r8
PC = 00000030 bne r12 r13 $64
PC = 00000034 blt r5 r7 $12
PC = 00000040 blt r5 r8 $12
PC = 0000004C blt r7 r6 $12
PC = 00000058 blt r8 r6 $12
PC = 00000064
r00:00000000 r01:00000000 r02:00000000 r03:00000000 r04:00000000 r05:00000000 r06:00000064 r07:0000000C
r08:00000058 r09:FFFFFFF9 r10:00000007 r11:00000016 r12:00000001 r13:00000001 r14:00000000 r15:00000000
r16:00000000 r17:00000000 r18:00000000 r19:00000000 r20:000000C8 r21:00000000 r22:00000000 r23:00000000
r24:00000000 r25:00000000 r26:00000000 r27:00000000 r28:00000000 r29:00000000 r30:00000000 r31:00000000
press 's' to step-in, others to run. addi r11 r11 $-1
PC = 00000068 bne r11 r0 $-72
PC = 00000020 slt r12 r7 r8
PC = 00000024 add r7 r7 r9
PC = 00000028 add r8 r8 r10
PC = 0000002C slt r13 r7 r8
PC = 00000030 bne r12 r13 $64
PC = 00000034 blt r5 r7 $12
PC = 00000040 blt r5 r8 $12
PC = 0000004C blt r7 r6 $12
PC = 00000058 blt r8 r6 $12
PC = 00000064
r00:00000000 r01:00000000 r02:00000000 r03:00000000 r04:00000000 r05:00000000 r06:00000064 r07:00000005
r08:0000005F r09:FFFFFFF9 r10:00000007 r11:00000015 r12:00000001 r13:00000001 r14:00000000 r15:00000000
r16:00000000 r17:00000000 r18:00000000 r19:00000000 r20:000000C8 r21:00000000 r22:00000000 r23:00000000
r24:00000000 r25:00000000 r26:00000000 r27:00000000 r28:00000000 r29:00000000 r30:00000000 r31:00000000
press 's' to step-in, others to run. addi r11 r11 $-1
PC = 00000068 bne r11 r0 $-72
PC = 00000020 slt r12 r7 r8
PC = 00000024 add r7 r7 r9
PC = 00000028 add r8 r8 r10
PC = 0000002C slt r13 r7 r8
PC = 00000030 bne r12 r13 $64
PC = 00000034 blt r5 r7 $12
PC = 00000038 add r7 r5 r7
PC = 0000003C add r9 r0 r9
PC = 00000040 blt r5 r8 $12
PC = 0000004C blt r7 r6 $12
PC = 00000058 blt r8 r6 $12
PC = 0000005C add r8 r20 r8
PC = 00000060 add r10 r0 r10
PC = 00000064
r00:00000000 r01:00000000 r02:00000000 r03:00000000 r04:00000000 r05:00000000 r06:00000064 r07:00000002
r08:00000062 r09:00000007 r10:FFFFFFF9 r11:00000014 r12:00000001 r13:00000001 r14:00000000 r15:00000000
r16:00000000 r17:00000000 r18:00000000 r19:00000000 r20:000000C8 r21:00000000 r22:00000000 r23:00000000
r24:00000000 r25:00000000 r26:00000000 r27:00000000 r28:00000000 r29:00000000 r30:00000000 r31:00000000
press 's' to step-in, others to run. addi r11 r11 $-1
PC = 00000068 bne r11 r0 $-72
PC = 00000020 slt r12 r7 r8
PC = 00000024 add r7 r7 r9
PC = 00000028 add r8 r8 r10
PC = 0000002C slt r13 r7 r8
PC = 00000030 bne r12 r13 $64
PC = 00000034 blt r5 r7 $12
PC = 00000040 blt r5 r8 $12
PC = 0000004C blt r7 r6 $12
PC = 00000058 blt r8 r6 $12
PC = 00000064
r00:00000000 r01:00000000 r02:00000000 r03:00000000 r04:00000000 r05:00000000 r06:00000064 r07:00000009
r08:0000005B r09:00000007 r10:FFFFFFF9 r11:00000013 r12:00000001 r13:00000001 r14:00000000 r15:00000000
r16:00000000 r17:00000000 r18:00000000 r19:00000000 r20:000000C8 r21:00000000 r22:00000000 r23:00000000
r24:00000000 r25:00000000 r26:00000000 r27:00000000 r28:00000000 r29:00000000 r30:00000000 r31:00000000
press 's' to step-in, others to run. addi r11 r11 $-1
PC = 00000068 bne r11 r0 $-72
PC = 00000020 slt r12 r7 r8
PC = 00000024 add r7 r7 r9
PC = 00000028 add r8 r8 r10
PC = 0000002C slt r13 r7 r8
PC = 00000030 bne r12 r13 $64
PC = 00000034 blt r5 r7 $12
PC = 00000040 blt r5 r8 $12
PC = 0000004C blt r7 r6 $12
PC = 00000058 blt r8 r6 $12
PC = 00000064
r00:00000000 r01:00000000 r02:00000000 r03:00000000 r04:00000000 r05:00000000 r06:00000064 r07:00000010
r08:00000054 r09:00000007 r10:FFFFFFF9 r11:00000012 r12:00000001 r13:00000001 r14:00000000 r15:00000000
r16:00000000 r17:00000000 r18:00000000 r19:00000000 r20:000000C8 r21:00000000 r22:00000000 r23:00000000
r24:00000000 r25:00000000 r26:00000000 r27:00000000 r28:00000000 r29:00000000 r30:00000000 r31:00000000
press 's' to step-in, others to run. addi r11 r11 $-1
PC = 00000068 bne r11 r0 $-72
PC = 00000020 slt r12 r7 r8
PC = 00000024 add r7 r7 r9
PC = 00000028 add r8 r8 r10
PC = 0000002C slt r13 r7 r8
PC = 00000030 bne r12 r13 $64
PC = 00000034 blt r5 r7 $12
PC = 00000040 blt r5 r8 $12
PC = 0000004C blt r7 r6 $12
PC = 00000058 blt r8 r6 $12
PC = 00000064
r00:00000000 r01:00000000 r02:00000000 r03:00000000 r04:00000000 r05:00000000 r06:00000064 r07:00000017
r08:0000004D r09:00000007 r10:FFFFFFF9 r11:00000011 r12:00000001 r13:00000001 r14:00000000 r15:00000000
r16:00000000 r17:00000000 r18:00000000 r19:00000000 r20:000000C8 r21:00000000 r22:00000000 r23:00000000
r24:00000000 r25:00000000 r26:00000000 r27:00000000 r28:00000000 r29:00000000 r30:00000000 r31:00000000
press 's' to step-in, others to run. addi r11 r11 $-1
PC = 00000068 bne r11 r0 $-72
PC = 00000020 slt r12 r7 r8
PC = 00000024 add r7 r7 r9
PC = 00000028 add r8 r8 r10
PC = 0000002C slt r13 r7 r8
PC = 00000030 bne r12 r13 $64
PC = 00000034 blt r5 r7 $12
PC = 00000040 blt r5 r8 $12
PC = 0000004C blt r7 r6 $12
PC = 00000058 blt r8 r6 $12
PC = 00000064
r00:00000000 r01:00000000 r02:00000000 r03:00000000 r04:00000000 r05:00000000 r06:00000064 r07:0000001E
r08:00000046 r09:00000007 r10:FFFFFFF9 r11:00000010 r12:00000001 r13:00000001 r14:00000000 r15:00000000
r16:00000000 r17:00000000 r18:00000000 r19:00000000 r20:000000C8 r21:00000000 r22:00000000 r23:00000000
r24:00000000 r25:00000000 r26:00000000 r27:00000000 r28:00000000 r29:00000000 r30:00000000 r31:00000000
press 's' to step-in, others to run. addi r11 r11 $-1
PC = 00000068 bne r11 r0 $-72
PC = 00000020 slt r12 r7 r8
PC = 00000024 add r7 r7 r9
PC = 00000028 add r8 r8 r10
PC = 0000002C slt r13 r7 r8
PC = 00000030 bne r12 r13 $64
PC = 00000034 blt r5 r7 $12
PC = 00000040 blt r5 r8 $12
PC = 0000004C blt r7 r6 $12
PC = 00000058 blt r8 r6 $12
PC = 00000064
r00:00000000 r01:00000000 r02:00000000 r03:00000000 r04:00000000 r05:00000000 r06:00000064 r07:00000025
r08:0000003F r09:00000007 r10:FFFFFFF9 r11:0000000F r12:00000001 r13:00000001 r14:00000000 r15:00000000
r16:00000000 r17:00000000 r18:00000000 r19:00000000 r20:000000C8 r21:00000000 r22:00000000 r23:00000000
r24:00000000 r25:00000000 r26:00000000 r27:00000000 r28:00000000 r29:00000000 r30:00000000 r31:00000000
press 's' to step-in, others to run. addi r11 r11 $-1
PC = 00000068 bne r11 r0 $-72
PC = 00000020 slt r12 r7 r8
PC = 00000024 add r7 r7 r9
PC = 00000028 add r8 r8 r10
PC = 0000002C slt r13 r7 r8
PC = 00000030 bne r12 r13 $64
PC = 00000034 blt r5 r7 $12
PC = 00000040 blt r5 r8 $12
PC = 0000004C blt r7 r6 $12
PC = 00000058 blt r8 r6 $12
PC = 00000064
r00:00000000 r01:00000000 r02:00000000 r03:00000000 r04:00000000 r05:00000000 r06:00000064 r07:0000002C
r08:00000038 r09:00000007 r10:FFFFFFF9 r11:0000000E r12:00000001 r13:00000001 r14:00000000 r15:00000000
r16:00000000 r17:00000000 r18:00000000 r19:00000000 r20:000000C8 r21:00000000 r22:00000000 r23:00000000
r24:00000000 r25:00000000 r26:00000000 r27:00000000 r28:00000000 r29:00000000 r30:00000000 r31:00000000
press 's' to step-in, others to run. addi r11 r11 $-1
PC = 00000068 bne r11 r0 $-72
PC = 00000020 slt r12 r7 r8
PC = 00000024 add r7 r7 r9
PC = 00000028 add r8 r8 r10
PC = 0000002C slt r13 r7 r8
PC = 00000030 bne r12 r13 $64
PC = 00000070 xor r7 r7 r8
PC = 00000074 xor r8 r7 r8
PC = 00000078 xor r7 r7 r8
PC = 0000007C add r9 r0 r9
PC = 00000080 add r10 r0 r10
PC = 00000084 beq r0 r0 $-80
PC = 00000034 blt r5 r7 $12
PC = 00000040 blt r5 r8 $12
PC = 0000004C blt r7 r6 $12
PC = 00000058 blt r8 r6 $12
PC = 00000064
r00:00000000 r01:00000000 r02:00000000 r03:00000000 r04:00000000 r05:00000000 r06:00000064 r07:00000031
r08:00000033 r09:FFFFFFF9 r10:00000007 r11:0000000D r12:00000001 r13:00000000 r14:00000000 r15:00000000
r16:00000000 r17:00000000 r18:00000000 r19:00000000 r20:000000C8 r21:00000000 r22:00000000 r23:00000000
r24:00000000 r25:00000000 r26:00000000 r27:00000000 r28:00000000 r29:00000000 r30:00000000 r31:00000000
press 's' to step-in, others to run. addi r11 r11 $-1
PC = 00000068 bne r11 r0 $-72
PC = 00000020 slt r12 r7 r8
PC = 00000024 add r7 r7 r9
PC = 00000028 add r8 r8 r10
PC = 0000002C slt r13 r7 r8
PC = 00000030 bne r12 r13 $64
PC = 00000034 blt r5 r7 $12
PC = 00000040 blt r5 r8 $12
PC = 0000004C blt r7 r6 $12
PC = 00000058 blt r8 r6 $12
PC = 00000064
r00:00000000 r01:00000000 r02:00000000 r03:00000000 r04:00000000 r05:00000000 r06:00000064 r07:0000002A
r08:0000003A r09:FFFFFFF9 r10:00000007 r11:0000000C r12:00000001 r13:00000001 r14:00000000 r15:00000000
r16:00000000 r17:00000000 r18:00000000 r19:00000000 r20:000000C8 r21:00000000 r22:00000000 r23:00000000
r24:00000000 r25:00000000 r26:00000000 r27:00000000 r28:00000000 r29:00000000 r30:00000000 r31:00000000
press 's' to step-in, others to run. addi r11 r11 $-1
PC = 00000068 bne r11 r0 $-72
PC = 00000020 slt r12 r7 r8
PC = 00000024 add r7 r7 r9
PC = 00000028 add r8 r8 r10
PC = 0000002C slt r13 r7 r8
PC = 00000030 bne r12 r13 $64
PC = 00000034 blt r5 r7 $12
PC = 00000040 blt r5 r8 $12
PC = 0000004C blt r7 r6 $12
PC = 00000058 blt r8 r6 $12
PC = 00000064
r00:00000000 r01:00000000 r02:00000000 r03:00000000 r04:00000000 r05:00000000 r06:00000064 r07:00000023
r08:00000041 r09:FFFFFFF9 r10:00000007 r11:0000000B r12:00000001 r13:00000001 r14:00000000 r15:00000000
r16:00000000 r17:00000000 r18:00000000 r19:00000000 r20:000000C8 r21:00000000 r22:00000000 r23:00000000
r24:00000000 r25:00000000 r26:00000000 r27:00000000 r28:00000000 r29:00000000 r30:00000000 r31:00000000
press 's' to step-in, others to run. addi r11 r11 $-1
PC = 00000068 bne r11 r0 $-72
PC = 00000020 slt r12 r7 r8
PC = 00000024 add r7 r7 r9
PC = 00000028 add r8 r8 r10
PC = 0000002C slt r13 r7 r8
PC = 00000030 bne r12 r13 $64
PC = 00000034 blt r5 r7 $12
PC = 00000040 blt r5 r8 $12
PC = 0000004C blt r7 r6 $12
PC = 00000058 blt r8 r6 $12
PC = 00000064
r00:00000000 r01:00000000 r02:00000000 r03:00000000 r04:00000000 r05:00000000 r06:00000064 r07:0000001C
r08:00000048 r09:FFFFFFF9 r10:00000007 r11:0000000A r12:00000001 r13:00000001 r14:00000000 r15:00000000
r16:00000000 r17:00000000 r18:00000000 r19:00000000 r20:000000C8 r21:00000000 r22:00000000 r23:00000000
r24:00000000 r25:00000000 r26:00000000 r27:00000000 r28:00000000 r29:00000000 r30:00000000 r31:00000000
press 's' to step-in, others to run. addi r11 r11 $-1
PC = 00000068 bne r11 r0 $-72
PC = 00000020 slt r12 r7 r8
PC = 00000024 add r7 r7 r9
PC = 00000028 add r8 r8 r10
PC = 0000002C slt r13 r7 r8
PC = 00000030 bne r12 r13 $64
PC = 00000034 blt r5 r7 $12
PC = 00000040 blt r5 r8 $12
PC = 0000004C blt r7 r6 $12
PC = 00000058 blt r8 r6 $12
PC = 00000064
r00:00000000 r01:00000000 r02:00000000 r03:00000000 r04:00000000 r05:00000000 r06:00000064 r07:00000015
r08:0000004F r09:FFFFFFF9 r10:00000007 r11:00000009 r12:00000001 r13:00000001 r14:00000000 r15:00000000
r16:00000000 r17:00000000 r18:00000000 r19:00000000 r20:000000C8 r21:00000000 r22:00000000 r23:00000000
r24:00000000 r25:00000000 r26:00000000 r27:00000000 r28:00000000 r29:00000000 r30:00000000 r31:00000000
press 's' to step-in, others to run. addi r11 r11 $-1
PC = 00000068 bne r11 r0 $-72
PC = 00000020 slt r12 r7 r8
PC = 00000024 add r7 r7 r9
PC = 00000028 add r8 r8 r10
PC = 0000002C slt r13 r7 r8
PC = 00000030 bne r12 r13 $64
PC = 00000034 blt r5 r7 $12
PC = 00000040 blt r5 r8 $12
PC = 0000004C blt r7 r6 $12
PC = 00000058 blt r8 r6 $12
PC = 00000064
r00:00000000 r01:00000000 r02:00000000 r03:00000000 r04:00000000 r05:00000000 r06:00000064 r07:0000000E
r08:00000056 r09:FFFFFFF9 r10:00000007 r11:00000008 r12:00000001 r13:00000001 r14:00000000 r15:00000000
r16:00000000 r17:00000000 r18:00000000 r19:00000000 r20:000000C8 r21:00000000 r22:00000000 r23:00000000
r24:00000000 r25:00000000 r26:00000000 r27:00000000 r28:00000000 r29:00000000 r30:00000000 r31:00000000
press 's' to step-in, others to run. addi r11 r11 $-1
PC = 00000068 bne r11 r0 $-72
PC = 00000020 slt r12 r7 r8
PC = 00000024 add r7 r7 r9
PC = 00000028 add r8 r8 r10
PC = 0000002C slt r13 r7 r8
PC = 00000030 bne r12 r13 $64
PC = 00000034 blt r5 r7 $12
PC = 00000040 blt r5 r8 $12
PC = 0000004C blt r7 r6 $12
PC = 00000058 blt r8 r6 $12
PC = 00000064
r00:00000000 r01:00000000 r02:00000000 r03:00000000 r04:00000000 r05:00000000 r06:00000064 r07:00000007
r08:0000005D r09:FFFFFFF9 r10:00000007 r11:00000007 r12:00000001 r13:00000001 r14:00000000 r15:00000000
r16:00000000 r17:00000000 r18:00000000 r19:00000000 r20:000000C8 r21:00000000 r22:00000000 r23:00000000
r24:00000000 r25:00000000 r26:00000000 r27:00000000 r28:00000000 r29:00000000 r30:00000000 r31:00000000
press 's' to step-in, others to run. addi r11 r11 $-1
PC = 00000068 bne r11 r0 $-72
PC = 00000020 slt r12 r7 r8
PC = 00000024 add r7 r7 r9
PC = 00000028 add r8 r8 r10
PC = 0000002C slt r13 r7 r8
PC = 00000030 bne r12 r13 $64
PC = 00000034 blt r5 r7 $12
PC = 00000038 add r7 r5 r7
PC = 0000003C add r9 r0 r9
PC = 00000040 blt r5 r8 $12
PC = 0000004C blt r7 r6 $12
PC = 00000058 blt r8 r6 $12
PC = 0000005C add r8 r20 r8
PC = 00000060 add r10 r0 r10
PC = 00000064
r00:00000000 r01:00000000 r02:00000000 r03:00000000 r04:00000000 r05:00000000 r06:00000064 r07:00000000
r08:00000064 r09:00000007 r10:FFFFFFF9 r11:00000006 r12:00000001 r13:00000001 r14:00000000 r15:00000000
r16:00000000 r17:00000000 r18:00000000 r19:00000000 r20:000000C8 r21:00000000 r22:00000000 r23:00000000
r24:00000000 r25:00000000 r26:00000000 r27:00000000 r28:00000000 r29:00000000 r30:00000000 r31:00000000
press 's' to step-in, others to run. addi r11 r11 $-1
PC = 00000068 bne r11 r0 $-72
PC = 00000020 slt r12 r7 r8
PC = 00000024 add r7 r7 r9
PC = 00000028 add r8 r8 r10
PC = 0000002C slt r13 r7 r8
PC = 00000030 bne r12 r13 $64
PC = 00000034 blt r5 r7 $12
PC = 00000040 blt r5 r8 $12
PC = 0000004C blt r7 r6 $12
PC = 00000058 blt r8 r6 $12
PC = 00000064
r00:00000000 r01:00000000 r02:00000000 r03:00000000 r04:00000000 r05:00000000 r06:00000064 r07:00000007
r08:0000005D r09:00000007 r10:FFFFFFF9 r11:00000005 r12:00000001 r13:00000001 r14:00000000 r15:00000000
r16:00000000 r17:00000000 r18:00000000 r19:00000000 r20:000000C8 r21:00000000 r22:00000000 r23:00000000
r24:00000000 r25:00000000 r26:00000000 r27:00000000 r28:00000000 r29:00000000 r30:00000000 r31:00000000
press 's' to step-in, others to run. addi r11 r11 $-1
PC = 00000068 bne r11 r0 $-72
PC = 00000020 slt r12 r7 r8
PC = 00000024 add r7 r7 r9
PC = 00000028 add r8 r8 r10
PC = 0000002C slt r13 r7 r8
PC = 00000030 bne r12 r13 $64
PC = 00000034 blt r5 r7 $12
PC = 00000040 blt r5 r8 $12
PC = 0000004C blt r7 r6 $12
PC = 00000058 blt r8 r6 $12
PC = 00000064
r00:00000000 r01:00000000 r02:00000000 r03:00000000 r04:00000000 r05:00000000 r06:00000064 r07:0000000E
r08:00000056 r09:00000007 r10:FFFFFFF9 r11:00000004 r12:00000001 r13:00000001 r14:00000000 r15:00000000
r16:00000000 r17:00000000 r18:00000000 r19:00000000 r20:000000C8 r21:00000000 r22:00000000 r23:00000000
r24:00000000 r25:00000000 r26:00000000 r27:00000000 r28:00000000 r29:00000000 r30:00000000 r31:00000000
press 's' to step-in, others to run. addi r11 r11 $-1
PC = 00000068 bne r11 r0 $-72
PC = 00000020 slt r12 r7 r8
PC = 00000024 add r7 r7 r9
PC = 00000028 add r8 r8 r10
PC = 0000002C slt r13 r7 r8
PC = 00000030 bne r12 r13 $64
PC = 00000034 blt r5 r7 $12
PC = 00000040 blt r5 r8 $12
PC = 0000004C blt r7 r6 $12
PC = 00000058 blt r8 r6 $12
PC = 00000064
r00:00000000 r01:00000000 r02:00000000 r03:00000000 r04:00000000 r05:00000000 r06:00000064 r07:00000015
r08:0000004F r09:00000007 r10:FFFFFFF9 r11:00000003 r12:00000001 r13:00000001 r14:00000000 r15:00000000
r16:00000000 r17:00000000 r18:00000000 r19:00000000 r20:000000C8 r21:00000000 r22:00000000 r23:00000000
r24:00000000 r25:00000000 r26:00000000 r27:00000000 r28:00000000 r29:00000000 r30:00000000 r31:00000000
press 's' to step-in, others to run. addi r11 r11 $-1
PC = 00000068 bne r11 r0 $-72
PC = 00000020 slt r12 r7 r8
PC = 00000024 add r7 r7 r9
PC = 00000028 add r8 r8 r10
PC = 0000002C slt r13 r7 r8
PC = 00000030 bne r12 r13 $64
PC = 00000034 blt r5 r7 $12
PC = 00000040 blt r5 r8 $12
PC = 0000004C blt r7 r6 $12
PC = 00000058 blt r8 r6 $12
PC = 00000064
r00:00000000 r01:00000000 r02:00000000 r03:00000000 r04:00000000 r05:00000000 r06:00000064 r07:0000001C
r08:00000048 r09:00000007 r10:FFFFFFF9 r11:00000002 r12:00000001 r13:00000001 r14:00000000 r15:00000000
r16:00000000 r17:00000000 r18:00000000 r19:00000000 r20:000000C8 r21:00000000 r22:00000000 r23:00000000
r24:00000000 r25:00000000 r26:00000000 r27:00000000 r28:00000000 r29:00000000 r30:00000000 r31:00000000
press 's' to step-in, others to run. addi r11 r11 $-1
PC = 00000068 bne r11 r0 $-72
PC = 00000020 slt r12 r7 r8
PC = 00000024 add r7 r7 r9
PC = 00000028 add r8 r8 r10
PC = 0000002C slt r13 r7 r8
PC = 00000030 bne r12 r13 $64
PC = 00000034 blt r5 r7 $12
PC = 00000040 blt r5 r8 $12
PC = 0000004C blt r7 r6 $12
PC = 00000058 blt r8 r6 $12
PC = 00000064
r00:00000000 r01:00000000 r02:00000000 r03:00000000 r04:00000000 r05:00000000 r06:00000064 r07:00000023
r08:00000041 r09:00000007 r10:FFFFFFF9 r11:00000001 r12:00000001 r13:00000001 r14:00000000 r15:00000000
r16:00000000 r17:00000000 r18:00000000 r19:00000000 r20:000000C8 r21:00000000 r22:00000000 r23:00000000
r24:00000000 r25:00000000 r26:00000000 r27:00000000 r28:00000000 r29:00000000 r30:00000000 r31:00000000
press 's' to step-in, others to run. addi r11 r11 $-1
PC = 00000068 bne r11 r0 $-72
PC = 0000006C beq r0 r0 $0


PC = 0000006C
r00:00000000 r01:00000000 r02:00000000 r03:00000000 r04:00000000 r05:00000000 r06:00000064 r07:00000023 
r08:00000041 r09:00000007 r10:FFFFFFF9 r11:00000000 r12:00000001 r13:00000001 r14:00000000 r15:00000000
r16:00000000 r17:00000000 r18:00000000 r19:00000000 r20:000000C8 r21:00000000 r22:00000000 r23:00000000
r24:00000000 r25:00000000 r26:00000000 r27:00000000 r28:00000000 r29:00000000 r30:00000000 r31:00000000

program infinitely loops at pc 108, simulation stops
